<?xml version="1.0" encoding="utf-8"?><testsuites name="pytest tests"><testsuite name="pytest" errors="0" failures="0" skipped="0" tests="18" time="21.647" timestamp="2026-04-25T10:43:58.218158+00:00" hostname="agent-env-b98ba9b1-f825-44ec-93e2-4825b3445692"><testcase classname="tests.test_saas.TestHealthAndRegression" name="test_health" time="0.208" /><testcase classname="tests.test_saas.TestHealthAndRegression" name="test_stats_regression" time="0.109" /><testcase classname="tests.test_saas.TestHealthAndRegression" name="test_list_analyses_regression" time="0.133" /><testcase classname="tests.test_saas.TestGuardrailsBuiltins" name="test_builtin_returns_8_rules_and_4_presets" time="0.162" /><testcase classname="tests.test_saas.TestGuardrailsCRUD" name="test_create_from_preset_security_first" time="0.224" /><testcase classname="tests.test_saas.TestGuardrailsCRUD" name="test_create_custom_with_regex" time="0.100" /><testcase classname="tests.test_saas.TestGuardrailsCRUD" name="test_list_guardrails" time="0.116" /><testcase classname="tests.test_saas.TestGuardrailsCRUD" name="test_update_guardrails" time="0.218" /><testcase classname="tests.test_saas.TestGuardrailsCRUD" name="test_get_404" time="0.102" /><testcase classname="tests.test_saas.TestWatchedRepos" name="test_create_watched_repo_populates_repo_name" time="0.101" /><testcase classname="tests.test_saas.TestWatchedRepos" name="test_create_missing_url_returns_400" time="0.114" /><testcase classname="tests.test_saas.TestWatchedRepos" name="test_list_watched_repos" time="0.106" /><testcase classname="tests.test_saas.TestWatchedRepos" name="test_toggle_active" time="0.209" /><testcase classname="tests.test_saas.TestWatchedRepos" name="test_check_now_first_run_records_no_violations" time="8.337" /><testcase classname="tests.test_saas.TestWatchedRepos" name="test_check_now_with_reset_records_clean_event_no_agent" time="10.361" /><testcase classname="tests.test_saas.TestWatchedRepos" name="test_watch_events_filter" time="0.106" /><testcase classname="tests.test_saas.TestGuardrailsDetachOnDelete" name="test_delete_guardrails_detaches_from_watched" time="0.459" /><testcase classname="tests.test_saas" name="test_zzz_cleanup" time="0.412" /></testsuite></testsuites>